<?xml version="1.0" encoding="UTF-8"?>
<coverage generated="1696532132739" clover="3.2.0">
  <project timestamp="1696532132739" name="All files">
    <metrics statements="33" coveredstatements="24" conditionals="4" coveredconditionals="2" methods="15" coveredmethods="8" elements="52" coveredelements="34" complexity="0" loc="33" ncloc="33" packages="2" files="8" classes="8"/>
    <package name="components">
      <metrics statements="27" coveredstatements="21" conditionals="4" coveredconditionals="2" methods="12" coveredmethods="8"/>
      <file name="Contact.js" path="D:\VS.code\React1\Src\components\Contact.js">
        <metrics statements="2" coveredstatements="2" conditionals="0" coveredconditionals="0" methods="1" coveredmethods="1"/>
        <line num="1" count="1" type="stmt"/>
        <line num="2" count="5" type="stmt"/>
      </file>
      <file name="Header.js" path="D:\VS.code\React1\Src\components\Header.js">
        <metrics statements="7" coveredstatements="7" conditionals="4" coveredconditionals="2" methods="3" coveredmethods="3"/>
        <line num="7" count="1" type="stmt"/>
        <line num="9" count="3" type="stmt"/>
        <line num="10" count="3" type="stmt"/>
        <line num="11" count="3" type="stmt"/>
        <line num="12" count="5" type="stmt"/>
        <line num="15" count="3" type="stmt"/>
        <line num="29" count="1" type="cond" truecount="1" falsecount="1"/>
      </file>
      <file name="ResCards.js" path="D:\VS.code\React1\Src\components\ResCards.js">
        <metrics statements="7" coveredstatements="4" conditionals="0" coveredconditionals="0" methods="3" coveredmethods="1"/>
        <line num="1" count="1" type="stmt"/>
        <line num="2" count="5" type="stmt"/>
        <line num="3" count="4" type="stmt"/>
        <line num="4" count="0" type="stmt"/>
        <line num="17" count="1" type="stmt"/>
        <line num="18" count="0" type="stmt"/>
        <line num="19" count="0" type="stmt"/>
      </file>
      <file name="Sum.js" path="D:\VS.code\React1\Src\components\Sum.js">
        <metrics statements="2" coveredstatements="2" conditionals="0" coveredconditionals="0" methods="1" coveredmethods="1"/>
        <line num="1" count="1" type="stmt"/>
        <line num="2" count="1" type="stmt"/>
      </file>
      <file name="UserContext.js" path="D:\VS.code\React1\Src\components\UserContext.js">
        <metrics statements="1" coveredstatements="1" conditionals="0" coveredconditionals="0" methods="0" coveredmethods="0"/>
        <line num="3" count="1" type="stmt"/>
      </file>
      <file name="useOnlineStatus.js" path="D:\VS.code\React1\Src\components\useOnlineStatus.js">
        <metrics statements="8" coveredstatements="5" conditionals="0" coveredconditionals="0" methods="4" coveredmethods="2"/>
        <line num="3" count="1" type="stmt"/>
        <line num="5" count="3" type="stmt"/>
        <line num="7" count="3" type="stmt"/>
        <line num="9" count="2" type="stmt"/>
        <line num="10" count="0" type="stmt"/>
        <line num="12" count="0" type="stmt"/>
        <line num="13" count="0" type="stmt"/>
        <line num="19" count="3" type="stmt"/>
      </file>
    </package>
    <package name="utils">
      <metrics statements="6" coveredstatements="3" conditionals="0" coveredconditionals="0" methods="3" coveredmethods="0"/>
      <file name="cartSlice.js" path="D:\VS.code\React1\Src\utils\cartSlice.js">
        <metrics statements="5" coveredstatements="2" conditionals="0" coveredconditionals="0" methods="3" coveredmethods="0"/>
        <line num="3" count="1" type="stmt"/>
        <line num="10" count="0" type="stmt"/>
        <line num="13" count="0" type="stmt"/>
        <line num="16" count="0" type="stmt"/>
        <line num="22" count="1" type="stmt"/>
      </file>
      <file name="reduxStore.js" path="D:\VS.code\React1\Src\utils\reduxStore.js">
        <metrics statements="1" coveredstatements="1" conditionals="0" coveredconditionals="0" methods="0" coveredmethods="0"/>
        <line num="4" count="1" type="stmt"/>
      </file>
    </package>
  </project>
</coverage>
