<?xml version="1.0" encoding="UTF-8"?>
<coverage generated="1696620690245" clover="3.2.0">
  <project timestamp="1696620690245" name="All files">
    <metrics statements="29" coveredstatements="19" conditionals="4" coveredconditionals="1" methods="13" coveredmethods="5" elements="46" coveredelements="25" complexity="0" loc="29" ncloc="29" packages="1" files="2" classes="2"/>
    <file name="Body.js" path="D:\VS.code\React1\Src\components\Body.js">
      <metrics statements="22" coveredstatements="14" conditionals="4" coveredconditionals="1" methods="10" coveredmethods="3"/>
      <line num="8" count="1" type="stmt"/>
      <line num="10" count="2" type="stmt"/>
      <line num="11" count="1" type="stmt"/>
      <line num="13" count="1" type="stmt"/>
      <line num="15" count="1" type="stmt"/>
      <line num="16" count="1" type="stmt"/>
      <line num="20" count="1" type="stmt"/>
      <line num="21" count="1" type="stmt"/>
      <line num="24" count="1" type="stmt"/>
      <line num="25" count="1" type="stmt"/>
      <line num="27" count="1" type="stmt"/>
      <line num="29" count="1" type="stmt"/>
      <line num="30" count="1" type="stmt"/>
      <line num="33" count="1" type="cond" truecount="1" falsecount="1"/>
      <line num="37" count="0" type="stmt"/>
      <line num="40" count="0" type="stmt"/>
      <line num="41" count="0" type="stmt"/>
      <line num="47" count="0" type="stmt"/>
      <line num="48" count="0" type="stmt"/>
      <line num="49" count="0" type="stmt"/>
      <line num="56" count="0" type="stmt"/>
      <line num="63" count="0" type="stmt"/>
    </file>
    <file name="ResCards.js" path="D:\VS.code\React1\Src\components\ResCards.js">
      <metrics statements="7" coveredstatements="5" conditionals="0" coveredconditionals="0" methods="3" coveredmethods="2"/>
      <line num="1" count="2" type="stmt"/>
      <line num="2" count="5" type="stmt"/>
      <line num="3" count="4" type="stmt"/>
      <line num="4" count="0" type="stmt"/>
      <line num="17" count="2" type="stmt"/>
      <line num="18" count="1" type="stmt"/>
      <line num="19" count="0" type="stmt"/>
    </file>
  </project>
</coverage>
