{"D:\\VS.code\\React1\\Src\\components\\Contact.js": {"path":"D:\\VS.code\\React1\\Src\\components\\Contact.js","statementMap":{"0":{"start":{"line":1,"column":16},"end":{"line":10,"column":1}},"1":{"start":{"line":2,"column":4},"end":{"line":9,"column":6}}},"fnMap":{"0":{"name":"(anonymous_0)","decl":{"start":{"line":1,"column":16},"end":{"line":1,"column":17}},"loc":{"start":{"line":1,"column":22},"end":{"line":10,"column":1}},"line":1}},"branchMap":{},"s":{"0":1,"1":5},"f":{"0":5},"b":{},"_coverageSchema":"1a1c01bbd47fc00a2c39e90264f33305004495a9","hash":"bff3943bc62f88b0f556beca9c0c1e6bd7150cd0"}
,"D:\\VS.code\\React1\\Src\\components\\Header.js": {"path":"D:\\VS.code\\React1\\Src\\components\\Header.js","statementMap":{"0":{"start":{"line":7,"column":15},"end":{"line":35,"column":1}},"1":{"start":{"line":9,"column":32},"end":{"line":9,"column":49}},"2":{"start":{"line":10,"column":23},"end":{"line":10,"column":40}},"3":{"start":{"line":11,"column":27},"end":{"line":11,"column":50}},"4":{"start":{"line":12,"column":20},"end":{"line":12,"column":60}},"5":{"start":{"line":12,"column":43},"end":{"line":12,"column":59}},"6":{"start":{"line":15,"column":2},"end":{"line":34,"column":4}},"7":{"start":{"line":29,"column":123},"end":{"line":29,"column":187}}},"fnMap":{"0":{"name":"(anonymous_0)","decl":{"start":{"line":7,"column":15},"end":{"line":7,"column":16}},"loc":{"start":{"line":7,"column":21},"end":{"line":35,"column":1}},"line":7},"1":{"name":"(anonymous_1)","decl":{"start":{"line":12,"column":32},"end":{"line":12,"column":33}},"loc":{"start":{"line":12,"column":43},"end":{"line":12,"column":59}},"line":12},"2":{"name":"(anonymous_2)","decl":{"start":{"line":29,"column":115},"end":{"line":29,"column":116}},"loc":{"start":{"line":29,"column":121},"end":{"line":29,"column":189}},"line":29}},"branchMap":{"0":{"loc":{"start":{"line":22,"column":86},"end":{"line":22,"column":127}},"type":"cond-expr","locations":[{"start":{"line":22,"column":101},"end":{"line":22,"column":112}},{"start":{"line":22,"column":115},"end":{"line":22,"column":127}}],"line":22},"1":{"loc":{"start":{"line":29,"column":123},"end":{"line":29,"column":187}},"type":"cond-expr","locations":[{"start":{"line":29,"column":145},"end":{"line":29,"column":165}},{"start":{"line":29,"column":168},"end":{"line":29,"column":187}}],"line":29}},"s":{"0":1,"1":3,"2":3,"3":3,"4":3,"5":5,"6":3,"7":1},"f":{"0":3,"1":5,"2":1},"b":{"0":[3,0],"1":[1,0]},"_coverageSchema":"1a1c01bbd47fc00a2c39e90264f33305004495a9","hash":"18d57dadf03407011b803a567da1e1d5772f51e4"}
,"D:\\VS.code\\React1\\Src\\components\\ResCards.js": {"path":"D:\\VS.code\\React1\\Src\\components\\ResCards.js","statementMap":{"0":{"start":{"line":1,"column":17},"end":{"line":14,"column":3}},"1":{"start":{"line":2,"column":24},"end":{"line":2,"column":29}},"2":{"start":{"line":3,"column":73},"end":{"line":3,"column":85}},"3":{"start":{"line":4,"column":4},"end":{"line":13,"column":6}},"4":{"start":{"line":17,"column":33},"end":{"line":26,"column":3}},"5":{"start":{"line":18,"column":4},"end":{"line":25,"column":5}},"6":{"start":{"line":19,"column":6},"end":{"line":24,"column":7}}},"fnMap":{"0":{"name":"(anonymous_0)","decl":{"start":{"line":1,"column":17},"end":{"line":1,"column":18}},"loc":{"start":{"line":1,"column":28},"end":{"line":14,"column":3}},"line":1},"1":{"name":"(anonymous_1)","decl":{"start":{"line":17,"column":33},"end":{"line":17,"column":34}},"loc":{"start":{"line":17,"column":47},"end":{"line":26,"column":3}},"line":17},"2":{"name":"(anonymous_2)","decl":{"start":{"line":18,"column":11},"end":{"line":18,"column":12}},"loc":{"start":{"line":18,"column":22},"end":{"line":25,"column":5}},"line":18}},"branchMap":{},"s":{"0":1,"1":5,"2":4,"3":0,"4":1,"5":0,"6":0},"f":{"0":5,"1":0,"2":0},"b":{},"_coverageSchema":"1a1c01bbd47fc00a2c39e90264f33305004495a9","hash":"5a7b28cd292e1b8044a9b1ac1daa476583fe36cc"}
,"D:\\VS.code\\React1\\Src\\components\\Sum.js": {"path":"D:\\VS.code\\React1\\Src\\components\\Sum.js","statementMap":{"0":{"start":{"line":1,"column":19},"end":{"line":3,"column":5}},"1":{"start":{"line":2,"column":4},"end":{"line":2,"column":17}}},"fnMap":{"0":{"name":"(anonymous_0)","decl":{"start":{"line":1,"column":19},"end":{"line":1,"column":20}},"loc":{"start":{"line":1,"column":29},"end":{"line":3,"column":5}},"line":1}},"branchMap":{},"s":{"0":1,"1":1},"f":{"0":1},"b":{},"_coverageSchema":"1a1c01bbd47fc00a2c39e90264f33305004495a9","hash":"ae59b3afe01453fcd56905b1c0e851d0c8e55315"}
,"D:\\VS.code\\React1\\Src\\components\\UserContext.js": {"path":"D:\\VS.code\\React1\\Src\\components\\UserContext.js","statementMap":{"0":{"start":{"line":3,"column":20},"end":{"line":5,"column":2}}},"fnMap":{},"branchMap":{},"s":{"0":1},"f":{},"b":{},"_coverageSchema":"1a1c01bbd47fc00a2c39e90264f33305004495a9","hash":"cb4259e7984117ac209affda16a715e2587bec7e"}
,"D:\\VS.code\\React1\\Src\\components\\useOnlineStatus.js": {"path":"D:\\VS.code\\React1\\Src\\components\\useOnlineStatus.js","statementMap":{"0":{"start":{"line":3,"column":24},"end":{"line":20,"column":1}},"1":{"start":{"line":5,"column":44},"end":{"line":5,"column":58}},"2":{"start":{"line":7,"column":4},"end":{"line":17,"column":11}},"3":{"start":{"line":9,"column":8},"end":{"line":15,"column":11}},"4":{"start":{"line":10,"column":12},"end":{"line":10,"column":35}},"5":{"start":{"line":12,"column":12},"end":{"line":14,"column":14}},"6":{"start":{"line":13,"column":16},"end":{"line":13,"column":38}},"7":{"start":{"line":19,"column":4},"end":{"line":19,"column":24}}},"fnMap":{"0":{"name":"(anonymous_0)","decl":{"start":{"line":3,"column":24},"end":{"line":3,"column":25}},"loc":{"start":{"line":3,"column":30},"end":{"line":20,"column":1}},"line":3},"1":{"name":"(anonymous_1)","decl":{"start":{"line":7,"column":14},"end":{"line":7,"column":15}},"loc":{"start":{"line":7,"column":20},"end":{"line":17,"column":5}},"line":7},"2":{"name":"(anonymous_2)","decl":{"start":{"line":9,"column":43},"end":{"line":9,"column":44}},"loc":{"start":{"line":9,"column":49},"end":{"line":15,"column":9}},"line":9},"3":{"name":"(anonymous_3)","decl":{"start":{"line":12,"column":46},"end":{"line":12,"column":47}},"loc":{"start":{"line":12,"column":52},"end":{"line":14,"column":13}},"line":12}},"branchMap":{},"s":{"0":1,"1":3,"2":3,"3":2,"4":0,"5":0,"6":0,"7":3},"f":{"0":3,"1":2,"2":0,"3":0},"b":{},"_coverageSchema":"1a1c01bbd47fc00a2c39e90264f33305004495a9","hash":"6c17f14ce050dc1f5f79e91c1f71a0d7c7f01b24"}
,"D:\\VS.code\\React1\\Src\\utils\\cartSlice.js": {"path":"D:\\VS.code\\React1\\Src\\utils\\cartSlice.js","statementMap":{"0":{"start":{"line":3,"column":18},"end":{"line":20,"column":2}},"1":{"start":{"line":10,"column":12},"end":{"line":10,"column":44}},"2":{"start":{"line":13,"column":12},"end":{"line":13,"column":30}},"3":{"start":{"line":16,"column":12},"end":{"line":16,"column":35}},"4":{"start":{"line":22,"column":51},"end":{"line":22,"column":68}}},"fnMap":{"0":{"name":"(anonymous_0)","decl":{"start":{"line":9,"column":17},"end":{"line":9,"column":18}},"loc":{"start":{"line":9,"column":36},"end":{"line":11,"column":9}},"line":9},"1":{"name":"(anonymous_1)","decl":{"start":{"line":12,"column":20},"end":{"line":12,"column":21}},"loc":{"start":{"line":12,"column":31},"end":{"line":14,"column":9}},"line":12},"2":{"name":"(anonymous_2)","decl":{"start":{"line":15,"column":19},"end":{"line":15,"column":20}},"loc":{"start":{"line":15,"column":30},"end":{"line":17,"column":9}},"line":15}},"branchMap":{},"s":{"0":1,"1":0,"2":0,"3":0,"4":1},"f":{"0":0,"1":0,"2":0},"b":{},"_coverageSchema":"1a1c01bbd47fc00a2c39e90264f33305004495a9","hash":"0422bac1a51a55675f0495424e4f7e75c55a7a5a"}
,"D:\\VS.code\\React1\\Src\\utils\\reduxStore.js": {"path":"D:\\VS.code\\React1\\Src\\utils\\reduxStore.js","statementMap":{"0":{"start":{"line":4,"column":19},"end":{"line":8,"column":2}}},"fnMap":{},"branchMap":{},"s":{"0":1},"f":{},"b":{},"_coverageSchema":"1a1c01bbd47fc00a2c39e90264f33305004495a9","hash":"1497640164f951d7d615ca2970d33f950593be47"}
}
