TN:
SF:Src\components\Body.js
FN:8,(anonymous_0)
FN:20,(anonymous_1)
FN:24,(anonymous_2)
FN:37,(anonymous_3)
FN:39,(anonymous_4)
FN:40,(anonymous_5)
FN:46,(anonymous_6)
FN:48,(anonymous_7)
FN:56,(anonymous_8)
FN:62,(anonymous_9)
FNF:10
FNH:7
FNDA:4,(anonymous_0)
FNDA:1,(anonymous_1)
FNDA:1,(anonymous_2)
FNDA:1,(anonymous_3)
FNDA:1,(anonymous_4)
FNDA:9,(anonymous_5)
FNDA:0,(anonymous_6)
FNDA:0,(anonymous_7)
FNDA:0,(anonymous_8)
FNDA:19,(anonymous_9)
DA:8,1
DA:10,4
DA:11,4
DA:13,4
DA:15,4
DA:16,4
DA:20,4
DA:21,1
DA:24,4
DA:25,1
DA:27,1
DA:29,1
DA:30,1
DA:33,4
DA:37,1
DA:40,9
DA:41,1
DA:47,0
DA:48,0
DA:49,0
DA:56,0
DA:63,19
LF:22
LH:18
BRDA:33,0,0,1
BRDA:33,0,1,3
BRDA:65,1,0,19
BRDA:65,1,1,0
BRF:4
BRH:3
end_of_record
TN:
SF:Src\components\ResCards.js
FN:1,(anonymous_0)
FN:18,(anonymous_1)
FN:19,(anonymous_2)
FNF:3
FNH:3
FNDA:24,(anonymous_0)
FNDA:4,(anonymous_1)
FNDA:19,(anonymous_2)
DA:1,2
DA:2,24
DA:3,23
DA:5,19
DA:18,2
DA:19,4
DA:20,19
LF:7
LH:7
BRF:0
BRH:0
end_of_record
